<?xml version="1.0" encoding="UTF-8"?>
<testng-results ignored="0" total="1" passed="1" failed="0" skipped="0">
  <reporter-output>
  </reporter-output>
  <suite started-at="2023-09-22T11:55:39 EDT" name="Default suite" finished-at="2023-09-22T11:55:56 EDT" duration-ms="17095">
    <groups>
    </groups>
    <test started-at="2023-09-22T11:55:39 EDT" name="Default test" finished-at="2023-09-22T11:55:56 EDT" duration-ms="17095">
      <class name="com.herokuapp.theinternet.NegativeTests">
        <test-method is-config="true" signature="beforetest()[pri:0, instance:com.herokuapp.theinternet.NegativeTests@4c12331b]" started-at="2023-09-22T11:55:39 EDT" name="beforetest" finished-at="2023-09-22T11:55:49 EDT" duration-ms="9121" status="PASS">
          <reporter-output>
          </reporter-output>
        </test-method> <!-- beforetest -->
        <test-method signature="incorrectUsernameTest()[pri:0, instance:com.herokuapp.theinternet.NegativeTests@4c12331b]" started-at="2023-09-22T11:55:49 EDT" name="incorrectUsernameTest" finished-at="2023-09-22T11:55:53 EDT" duration-ms="4498" status="PASS">
          <reporter-output>
          </reporter-output>
        </test-method> <!-- incorrectUsernameTest -->
        <test-method is-config="true" signature="afterTest()[pri:0, instance:com.herokuapp.theinternet.NegativeTests@4c12331b]" started-at="2023-09-22T11:55:53 EDT" name="afterTest" finished-at="2023-09-22T11:55:56 EDT" duration-ms="3206" status="PASS">
          <reporter-output>
          </reporter-output>
        </test-method> <!-- afterTest -->
      </class> <!-- com.herokuapp.theinternet.NegativeTests -->
    </test> <!-- Default test -->
  </suite> <!-- Default suite -->
</testng-results>
